<?xml version="1.0" encoding="UTF-8"?>
<testng-results skipped="0" failed="0" ignored="0" total="1" passed="1">
  <reporter-output>
  </reporter-output>
  <suite name="Default suite" duration-ms="75999" started-at="2020-10-17T16:43:12 IST" finished-at="2020-10-17T16:44:28 IST">
    <groups>
    </groups>
    <test name="Default test" duration-ms="75999" started-at="2020-10-17T16:43:12 IST" finished-at="2020-10-17T16:44:28 IST">
      <class name="testCases.CommonCase">
        <test-method status="PASS" signature="setUp()[pri:0, instance:testCases.CommonCase@4abdb505]" name="setUp" is-config="true" duration-ms="6065" started-at="2020-10-17T16:43:12 IST" finished-at="2020-10-17T16:43:18 IST">
          <reporter-output>
          </reporter-output>
        </test-method> <!-- setUp -->
        <test-method status="PASS" signature="allCases()[pri:0, instance:testCases.CommonCase@4abdb505]" name="allCases" duration-ms="69797" started-at="2020-10-17T16:43:18 IST" finished-at="2020-10-17T16:44:28 IST">
          <reporter-output>
          </reporter-output>
        </test-method> <!-- allCases -->
      </class> <!-- testCases.CommonCase -->
    </test> <!-- Default test -->
  </suite> <!-- Default suite -->
</testng-results>
